<!DOCTYPE html>

<html>
  <head>
  <meta charset='utf-8'>
  <title>TestNG reports</title>

    <link type="text/css" href="testng-reports1.css" rel="stylesheet" id="ultra" />
    <link type="text/css" href="testng-reports.css" rel="stylesheet" id="retro" disabled="false"/>
    <script type="text/javascript" src="jquery.min.js"></script>
    <script type="text/javascript" src="testng-reports.js"></script>
    <script type="text/javascript" src="https://www.google.com/jsapi"></script>
    <script type='text/javascript'>
      google.load('visualization', '1', {packages:['table']});
      google.setOnLoadCallback(drawTable);
      var suiteTableInitFunctions = new Array();
      var suiteTableData = new Array();
    </script>
    <!--
      <script type="text/javascript" src="jquery-ui/js/jquery-ui-1.8.16.custom.min.js"></script>
     -->
  </head>

  <body>
    <div class="top-banner-root">
      <span class="top-banner-title-font">Test results</span>
      <button id="button" class="button">Switch Retro Theme</button> <!-- button -->
      <br/>
      <span class="top-banner-font-1">1 suite, 1 failed test</span>
    </div> <!-- top-banner-root -->
    <div class="navigator-root">
      <div class="navigator-suite-header">
        <span>All suites</span>
        <a href="#" title="Collapse/expand all the suites" class="collapse-all-link">
          <img src="collapseall.gif" class="collapse-all-icon">
          </img> <!-- collapse-all-icon -->
        </a> <!-- collapse-all-link -->
      </div> <!-- navigator-suite-header -->
      <div class="suite">
        <div class="rounded-window">
          <div class="suite-header light-rounded-window-top">
            <a href="#" panel-name="suite-EncoreWebTests_Test_Suite" class="navigator-link">
              <span class="suite-name border-failed">EncoreWebTests-Test-Suite</span>
            </a> <!-- navigator-link -->
          </div> <!-- suite-header light-rounded-window-top -->
          <div class="navigator-suite-content">
            <div class="suite-section-title">
              <span>Info</span>
            </div> <!-- suite-section-title -->
            <div class="suite-section-content">
              <ul>
                <li>
                  <a href="#" panel-name="test-xml-EncoreWebTests_Test_Suite" class="navigator-link ">
                    <span>encore-web-tests.xml</span>
                  </a> <!-- navigator-link  -->
                </li>
                <li>
                  <a href="#" panel-name="testlist-EncoreWebTests_Test_Suite" class="navigator-link ">
                    <span class="test-stats">1 test</span>
                  </a> <!-- navigator-link  -->
                </li>
                <li>
                  <a href="#" panel-name="group-EncoreWebTests_Test_Suite" class="navigator-link ">
                    <span>0 groups</span>
                  </a> <!-- navigator-link  -->
                </li>
                <li>
                  <a href="#" panel-name="times-EncoreWebTests_Test_Suite" class="navigator-link ">
                    <span>Times</span>
                  </a> <!-- navigator-link  -->
                </li>
                <li>
                  <a href="#" panel-name="reporter-EncoreWebTests_Test_Suite" class="navigator-link ">
                    <span>Reporter output</span>
                  </a> <!-- navigator-link  -->
                </li>
                <li>
                  <a href="#" panel-name="ignored-methods-EncoreWebTests_Test_Suite" class="navigator-link ">
                    <span>Ignored methods</span>
                  </a> <!-- navigator-link  -->
                </li>
                <li>
                  <a href="#" panel-name="chronological-EncoreWebTests_Test_Suite" class="navigator-link ">
                    <span>Chronological view</span>
                  </a> <!-- navigator-link  -->
                </li>
              </ul>
            </div> <!-- suite-section-content -->
            <div class="result-section">
              <div class="suite-section-title">
                <span>Results</span>
              </div> <!-- suite-section-title -->
              <div class="suite-section-content">
                <ul>
                  <li>
                    <span class="method-stats">2 methods, 1 failed,   1 passed</span>
                  </li>
                  <li>
                    <span class="method-list-title failed">Failed methods</span>
                    <span class="show-or-hide-methods failed">
                      <a href="#" panel-name="suite-EncoreWebTests_Test_Suite" class="hide-methods failed suite-EncoreWebTests_Test_Suite"> (hide)</a> <!-- hide-methods failed suite-EncoreWebTests_Test_Suite -->
                      <a href="#" panel-name="suite-EncoreWebTests_Test_Suite" class="show-methods failed suite-EncoreWebTests_Test_Suite"> (show)</a> <!-- show-methods failed suite-EncoreWebTests_Test_Suite -->
                    </span>
                    <div class="method-list-content failed suite-EncoreWebTests_Test_Suite">
                      <span>
                        <img src="failed.png" width="3%"/>
                        <a href="#" panel-name="suite-EncoreWebTests_Test_Suite" title="com.encore.web.tests.EncoreWebTests" class="method navigator-link" hash-for-method="verifyBookingTest(com.web.framework.LocalDriver@5e7eda9)">verifyBookingTest(com.web.framework.LocalDriver@5e7eda9)</a> <!-- method navigator-link -->
                      </span>
                      <br/>
                    </div> <!-- method-list-content failed suite-EncoreWebTests_Test_Suite -->
                  </li>
                  <li>
                    <span class="method-list-title passed">Passed methods</span>
                    <span class="show-or-hide-methods passed">
                      <a href="#" panel-name="suite-EncoreWebTests_Test_Suite" class="hide-methods passed suite-EncoreWebTests_Test_Suite"> (hide)</a> <!-- hide-methods passed suite-EncoreWebTests_Test_Suite -->
                      <a href="#" panel-name="suite-EncoreWebTests_Test_Suite" class="show-methods passed suite-EncoreWebTests_Test_Suite"> (show)</a> <!-- show-methods passed suite-EncoreWebTests_Test_Suite -->
                    </span>
                    <div class="method-list-content passed suite-EncoreWebTests_Test_Suite">
                      <span>
                        <img src="passed.png" width="3%"/>
                        <a href="#" panel-name="suite-EncoreWebTests_Test_Suite" title="com.encore.web.tests.EncoreWebTests" class="method navigator-link" hash-for-method="verifyBookingRestTest(com.web.framework.LocalDriver@13da29bb)">verifyBookingRestTest(com.web.framework.LocalDriver@13da29bb)</a> <!-- method navigator-link -->
                      </span>
                      <br/>
                    </div> <!-- method-list-content passed suite-EncoreWebTests_Test_Suite -->
                  </li>
                </ul>
              </div> <!-- suite-section-content -->
            </div> <!-- result-section -->
          </div> <!-- navigator-suite-content -->
        </div> <!-- rounded-window -->
      </div> <!-- suite -->
    </div> <!-- navigator-root -->
    <div class="wrapper">
      <div class="main-panel-root">
        <div panel-name="suite-EncoreWebTests_Test_Suite" class="panel EncoreWebTests_Test_Suite">
          <div class="suite-EncoreWebTests_Test_Suite-class-failed">
            <div class="main-panel-header rounded-window-top">
              <img src="failed.png"/>
              <span class="class-name">com.encore.web.tests.EncoreWebTests</span>
            </div> <!-- main-panel-header rounded-window-top -->
            <div class="main-panel-content rounded-window-bottom">
              <div class="method">
                <div class="method-content">
                  <a name="verifyBookingTest(com.web.framework.LocalDriver@5e7eda9)">
                  </a> <!-- verifyBookingTest(com.web.framework.LocalDriver@5e7eda9) -->
                  <span class="method-name">verifyBookingTest</span>
                  <span class="parameters">(com.web.framework.LocalDriver@5e7eda9)</span>
                  <div class="stack-trace">org.openqa.selenium.NoSuchElementException: no such element: Unable to locate element: {&quot;method&quot;:&quot;xpath&quot;,&quot;selector&quot;:&quot;//div[@class=&apos;seat-summary__price o-seat-summary__price--per-ticket&apos;]/span&quot;}
  (Session info: chrome=93.0.4577.82)
For documentation on this error, please visit: https://www.seleniumhq.org/exceptions/no_such_element.html
Build info: version: &apos;3.141.59&apos;, revision: &apos;e82be7d358&apos;, time: &apos;2018-11-14T08:17:03&apos;
System info: host: &apos;C02X6HZXJG5J&apos;, ip: &apos;fe80:0:0:0:1870:b65f:e892:dfba%en0&apos;, os.name: &apos;Mac OS X&apos;, os.arch: &apos;x86_64&apos;, os.version: &apos;10.15.7&apos;, java.version: &apos;15.0.2&apos;
Driver info: org.openqa.selenium.chrome.ChromeDriver
Capabilities {acceptInsecureCerts: false, browserName: chrome, browserVersion: 93.0.4577.82, chrome: {chromedriverVersion: 93.0.4577.63 (ff5c0da2ec0ad..., userDataDir: /var/folders/l5/vx855n854h3...}, goog:chromeOptions: {debuggerAddress: localhost:51316}, javascriptEnabled: true, networkConnectionEnabled: false, pageLoadStrategy: normal, platform: MAC, platformName: MAC, proxy: Proxy(), setWindowRect: true, strictFileInteractability: false, timeouts: {implicit: 0, pageLoad: 300000, script: 30000}, unhandledPromptBehavior: dismiss and notify, webauthn:extension:credBlob: true, webauthn:extension:largeBlob: true, webauthn:virtualAuthenticators: true}
Session ID: aa2df9b1a580e8a1d8c32819fc62d46b
*** Element info: {Using=xpath, value=//div[@class=&apos;seat-summary__price o-seat-summary__price--per-ticket&apos;]/span}
	at org.openqa.selenium.remote.http.W3CHttpResponseCodec.createException(W3CHttpResponseCodec.java:187)
	at org.openqa.selenium.remote.http.W3CHttpResponseCodec.decode(W3CHttpResponseCodec.java:122)
	at org.openqa.selenium.remote.http.W3CHttpResponseCodec.decode(W3CHttpResponseCodec.java:49)
	at org.openqa.selenium.remote.HttpCommandExecutor.execute(HttpCommandExecutor.java:158)
	at org.openqa.selenium.remote.service.DriverCommandExecutor.execute(DriverCommandExecutor.java:83)
	at org.openqa.selenium.remote.RemoteWebDriver.execute(RemoteWebDriver.java:552)
	at org.openqa.selenium.remote.RemoteWebDriver.findElement(RemoteWebDriver.java:323)
	at org.openqa.selenium.remote.RemoteWebDriver.findElementByXPath(RemoteWebDriver.java:428)
	at org.openqa.selenium.By$ByXPath.findElement(By.java:353)
	at org.openqa.selenium.remote.RemoteWebDriver.findElement(RemoteWebDriver.java:315)
	at org.openqa.selenium.support.pagefactory.DefaultElementLocator.findElement(DefaultElementLocator.java:69)
	at org.openqa.selenium.support.pagefactory.internal.LocatingElementHandler.invoke(LocatingElementHandler.java:38)
	at com.sun.proxy.$Proxy36.getText(Unknown Source)
	at com.web.encore.pages.SeatPlanningPage.selectSeat(SeatPlanningPage.java:78)
	at com.encore.web.tests.EncoreWebTests.verifyBookingTest(EncoreWebTests.java:66)
	at java.base/java.util.ArrayList.forEach(ArrayList.java:1511)
	at java.base/java.util.concurrent.FutureTask.run(FutureTask.java:264)
	at java.base/java.util.concurrent.ThreadPoolExecutor.runWorker(ThreadPoolExecutor.java:1130)
	at java.base/java.util.concurrent.ThreadPoolExecutor$Worker.run(ThreadPoolExecutor.java:630)
	at java.base/java.lang.Thread.run(Thread.java:832)
... Removed 23 stack frames
</div> <!-- stack-trace -->
                </div> <!-- method-content -->
              </div> <!-- method -->
            </div> <!-- main-panel-content rounded-window-bottom -->
          </div> <!-- suite-EncoreWebTests_Test_Suite-class-failed -->
          <div class="suite-EncoreWebTests_Test_Suite-class-passed">
            <div class="main-panel-header rounded-window-top">
              <img src="passed.png"/>
              <span class="class-name">com.encore.web.tests.EncoreWebTests</span>
            </div> <!-- main-panel-header rounded-window-top -->
            <div class="main-panel-content rounded-window-bottom">
              <div class="method">
                <div class="method-content">
                  <a name="verifyBookingRestTest(com.web.framework.LocalDriver@13da29bb)">
                  </a> <!-- verifyBookingRestTest(com.web.framework.LocalDriver@13da29bb) -->
                  <span class="method-name">verifyBookingRestTest</span>
                  <span class="parameters">(com.web.framework.LocalDriver@13da29bb)</span>
                </div> <!-- method-content -->
              </div> <!-- method -->
            </div> <!-- main-panel-content rounded-window-bottom -->
          </div> <!-- suite-EncoreWebTests_Test_Suite-class-passed -->
        </div> <!-- panel EncoreWebTests_Test_Suite -->
        <div panel-name="test-xml-EncoreWebTests_Test_Suite" class="panel">
          <div class="main-panel-header rounded-window-top">
            <span class="header-content">/Users/ra324990/Documents/assignment/src/test/resources/testng/encore-web-tests.xml</span>
          </div> <!-- main-panel-header rounded-window-top -->
          <div class="main-panel-content rounded-window-bottom">
            <pre>
&lt;?xml version=&quot;1.0&quot; encoding=&quot;UTF-8&quot;?&gt;
&lt;!DOCTYPE suite SYSTEM &quot;https://testng.org/testng-1.0.dtd&quot;&gt;
&lt;suite thread-count=&quot;10&quot; parallel=&quot;tests&quot; name=&quot;EncoreWebTests-Test-Suite&quot; guice-stage=&quot;DEVELOPMENT&quot; verbose=&quot;0&quot;&gt;
  &lt;test thread-count=&quot;10&quot; parallel=&quot;tests&quot; name=&quot;EncoreWebTests-tests&quot; verbose=&quot;0&quot;&gt;
    &lt;classes&gt;
      &lt;class name=&quot;com.encore.web.tests.EncoreWebTests&quot;/&gt;
    &lt;/classes&gt;
  &lt;/test&gt; &lt;!-- EncoreWebTests-tests --&gt;
&lt;/suite&gt; &lt;!-- EncoreWebTests-Test-Suite --&gt;
            </pre>
          </div> <!-- main-panel-content rounded-window-bottom -->
        </div> <!-- panel -->
        <div panel-name="testlist-EncoreWebTests_Test_Suite" class="panel">
          <div class="main-panel-header rounded-window-top">
            <span class="header-content">Tests for EncoreWebTests-Test-Suite</span>
          </div> <!-- main-panel-header rounded-window-top -->
          <div class="main-panel-content rounded-window-bottom">
            <ul>
              <li>
                <span class="test-name">EncoreWebTests-tests (1 class)</span>
              </li>
            </ul>
          </div> <!-- main-panel-content rounded-window-bottom -->
        </div> <!-- panel -->
        <div panel-name="group-EncoreWebTests_Test_Suite" class="panel">
          <div class="main-panel-header rounded-window-top">
            <span class="header-content">Groups for EncoreWebTests-Test-Suite</span>
          </div> <!-- main-panel-header rounded-window-top -->
          <div class="main-panel-content rounded-window-bottom">
          </div> <!-- main-panel-content rounded-window-bottom -->
        </div> <!-- panel -->
        <div panel-name="times-EncoreWebTests_Test_Suite" class="panel">
          <div class="main-panel-header rounded-window-top">
            <span class="header-content">Times for EncoreWebTests-Test-Suite</span>
          </div> <!-- main-panel-header rounded-window-top -->
          <div class="main-panel-content rounded-window-bottom">
            <div class="times-div">
              <script type="text/javascript">
suiteTableInitFunctions.push('tableData_EncoreWebTests_Test_Suite');
function tableData_EncoreWebTests_Test_Suite() {
var data = new google.visualization.DataTable();
data.addColumn('number', 'Number');
data.addColumn('string', 'Method');
data.addColumn('string', 'Class');
data.addColumn('number', 'Time (ms)');
data.addRows(2);
data.setCell(0, 0, 0)
data.setCell(0, 1, 'verifyBookingRestTest')
data.setCell(0, 2, 'com.encore.web.tests.EncoreWebTests')
data.setCell(0, 3, 64976);
data.setCell(1, 0, 1)
data.setCell(1, 1, 'verifyBookingTest')
data.setCell(1, 2, 'com.encore.web.tests.EncoreWebTests')
data.setCell(1, 3, 42176);
window.suiteTableData['EncoreWebTests_Test_Suite']= { tableData: data, tableDiv: 'times-div-EncoreWebTests_Test_Suite'}
return data;
}
              </script>
              <span class="suite-total-time">Total running time: 1 minutes</span>
              <div id="times-div-EncoreWebTests_Test_Suite">
              </div> <!-- times-div-EncoreWebTests_Test_Suite -->
            </div> <!-- times-div -->
          </div> <!-- main-panel-content rounded-window-bottom -->
        </div> <!-- panel -->
        <div panel-name="reporter-EncoreWebTests_Test_Suite" class="panel">
          <div class="main-panel-header rounded-window-top">
            <span class="header-content">Reporter output for EncoreWebTests-Test-Suite</span>
          </div> <!-- main-panel-header rounded-window-top -->
          <div class="main-panel-content rounded-window-bottom">
          </div> <!-- main-panel-content rounded-window-bottom -->
        </div> <!-- panel -->
        <div panel-name="ignored-methods-EncoreWebTests_Test_Suite" class="panel">
          <div class="main-panel-header rounded-window-top">
            <span class="header-content">0 ignored methods</span>
          </div> <!-- main-panel-header rounded-window-top -->
          <div class="main-panel-content rounded-window-bottom">
          </div> <!-- main-panel-content rounded-window-bottom -->
        </div> <!-- panel -->
        <div panel-name="chronological-EncoreWebTests_Test_Suite" class="panel">
          <div class="main-panel-header rounded-window-top">
            <span class="header-content">Methods in chronological order</span>
          </div> <!-- main-panel-header rounded-window-top -->
          <div class="main-panel-content rounded-window-bottom">
            <div class="chronological-class">
              <div class="chronological-class-name">com.encore.web.tests.EncoreWebTests</div> <!-- chronological-class-name -->
              <div class="configuration-test before">
                <span class="method-name">beforeTest(org.testng.TestRunner@3ad2e17)</span>
                <span class="method-start">0 ms</span>
              </div> <!-- configuration-test before -->
              <div class="configuration-method before">
                <span class="method-name">beforeMethodTestBase(org.testng.TestRunner@3ad2e17, public void com.encore.web.tests.EncoreWebTests.verifyBookingRestTest...)</span>
                <span class="method-start">40 ms</span>
              </div> <!-- configuration-method before -->
              <div class="configuration-method before">
                <span class="method-name">getRandomDateAndTimeForBookingViaAPI</span>
                <span class="method-start">567 ms</span>
              </div> <!-- configuration-method before -->
              <div class="test-method">
                <span class="method-name">verifyBookingRestTest(com.web.framework.LocalDriver@13da29bb)</span>
                <span class="method-start">2312 ms</span>
              </div> <!-- test-method -->
              <div class="configuration-method after">
                <span class="method-name">afterMethod([TestResult name=verifyBookingRestTest status=SUCCESS method=EncoreWebTests.verifyBookingRestTest(co...)</span>
                <span class="method-start">67292 ms</span>
              </div> <!-- configuration-method after -->
              <div class="configuration-method before">
                <span class="method-name">beforeMethodTestBase(org.testng.TestRunner@3ad2e17, public void com.encore.web.tests.EncoreWebTests.verifyBookingTest(com...)</span>
                <span class="method-start">67733 ms</span>
              </div> <!-- configuration-method before -->
              <div class="configuration-method before">
                <span class="method-name">getRandomDateAndTimeForBookingViaAPI</span>
                <span class="method-start">67735 ms</span>
              </div> <!-- configuration-method before -->
              <div class="test-method">
                <img src="failed.png">
                </img>
                <span class="method-name">verifyBookingTest(com.web.framework.LocalDriver@5e7eda9)</span>
                <span class="method-start">71298 ms</span>
              </div> <!-- test-method -->
              <div class="configuration-method after">
                <span class="method-name">afterMethod([TestResult name=verifyBookingTest status=FAILURE method=EncoreWebTests.verifyBookingTest(com.web.fr...)</span>
                <span class="method-start">113483 ms</span>
              </div> <!-- configuration-method after -->
              <div class="configuration-test after">
                <span class="method-name">afterSuite</span>
                <span class="method-start">114573 ms</span>
              </div> <!-- configuration-test after -->
          </div> <!-- main-panel-content rounded-window-bottom -->
        </div> <!-- panel -->
      </div> <!-- main-panel-root -->
    </div> <!-- wrapper -->
  </body>
<script type="text/javascript" src="testng-reports2.js"></script>
</html>
